<?xml version="1.0" encoding="UTF-8"?>
<!-- Generated by org.testng.reporters.JUnitReportReporter -->
<testsuite hostname="DESKTOP-9OE97PG" failures="0" tests="2" name="azurewebsites.CheckBox" time="17.957" errors="0" timestamp="2022-12-17T08:07:24 GMT" skipped="0">
  <testcase classname="azurewebsites.CheckBox" name="startWebsite" time="2.463"/>
  <system-out/>
  <testcase classname="azurewebsites.CheckBox" name="testLocators" time="15.494"/>
  <system-out/>
</testsuite> <!-- azurewebsites.CheckBox -->
