<?xml version="1.0" encoding="UTF-8"?>
<!-- Generated by org.testng.reporters.JUnitReportReporter -->
<testsuite hostname="DESKTOP-9OE97PG" failures="0" tests="2" name="azurewebsites.Locators" time="13.302" errors="0" timestamp="2022-12-16T16:46:46 GMT" skipped="0">
  <testcase classname="azurewebsites.Locators" name="openUrl" time="7.429"/>
  <system-out/>
  <testcase classname="azurewebsites.Locators" name="testLocators" time="5.873"/>
  <system-out/>
</testsuite> <!-- azurewebsites.Locators -->
