<?xml version="1.0" encoding="UTF-8"?>
<!-- Generated by org.testng.reporters.JUnitReportReporter -->
<testsuite hostname="DESKTOP-9OE97PG" failures="0" tests="1" name="azurewebsites.BaseDriver" time="1.153" errors="0" timestamp="2022-12-16T15:40:32 GMT" skipped="0">
  <testcase classname="azurewebsites.BaseDriver" name="satrt" time="1.153"/>
  <system-out/>
</testsuite> <!-- azurewebsites.BaseDriver -->
