<?xml version="1.0" encoding="UTF-8"?>
<!-- Generated by org.testng.reporters.JUnitReportReporter -->
<testsuite hostname="DESKTOP-9OE97PG" failures="0" tests="2" name="azurewebsites.Hover" time="40.300" errors="0" timestamp="2022-12-17T05:44:41 GMT" skipped="0">
  <testcase classname="azurewebsites.Hover" name="startwebsite" time="6.070"/>
  <system-out/>
  <testcase classname="azurewebsites.Hover" name="HoverTest" time="34.230"/>
  <system-out/>
</testsuite> <!-- azurewebsites.Hover -->
