<?xml version="1.0" encoding="UTF-8"?>
<!-- Generated by org.testng.reporters.JUnitReportReporter -->
<testsuite hostname="DESKTOP-9OE97PG" failures="0" tests="2" name="azurewebsites.Alerts" time="29.865" errors="0" timestamp="2022-12-17T07:49:10 GMT" skipped="0">
  <testcase classname="azurewebsites.Alerts" name="startWebsite" time="4.587"/>
  <system-out/>
  <testcase classname="azurewebsites.Alerts" name="alertCheck" time="25.278"/>
  <system-out/>
</testsuite> <!-- azurewebsites.Alerts -->
